# JRE version: OpenJDK Runtime Environment Temurin-25.0.1+8 (25.0.1+8) (build 25.0.1+8-LTS)
# Java VM: OpenJDK 64-Bit Server VM Temurin-25.0.1+8 (25.0.1+8-LTS, mixed mode, sharing, tiered, compressed oops, compressed class ptrs, g1 gc, windows-amd64)
GC Precious Log:
 CardTable entry size: 512
 Card Set container configuration: InlinePtr #cards 5 size 8 Array Of Cards #cards 10 size 36 Howl #buckets 4 coarsen threshold 1843 Howl Bitmap #cards 512 size 80 coarsen threshold 460 Card regions per heap region 1 cards per card region 2048
 CPUs: 4 total, 4 available
 Memory: 7833M
 Large Page Support: Disabled
 NUMA Support: Disabled
 Compressed Oops: Enabled (32-bit)
 Heap Region Size: 1M
 Heap Min Capacity: 8M
 Heap Initial Capacity: 124M
 Heap Max Capacity: 1960M
 Pre-touch: Disabled
 Parallel Workers: 4
 Concurrent Workers: 1
 Concurrent Refinement Workers: 4
 Periodic GC: Disabled
Heap:
 garbage-first heap   total reserved 2007040K, committed 60416K, used 40326K [0x0000000085800000, 0x0000000100000000)
  region size 1024K, 8 young (8192K), 2 survivors (2048K)
GC Heap Usage History (20 events):
Event: 5.734 {heap Before GC invocations=0 (full 0):
 garbage-first heap   total reserved 2007040K, committed 129024K, used 29843K [0x0000000085800000, 0x0000000100000000)
  region size 1024K, 28 young (28672K), 0 survivors (0K)
}
Event: 5.754 {heap After GC invocations=1 (full 0):
 garbage-first heap   total reserved 2007040K, committed 129024K, used 4584K [0x0000000085800000, 0x0000000100000000)
  region size 1024K, 4 young (4096K), 4 survivors (4096K)
}
Event: 10.443 {heap Before GC invocations=1 (full 0):
 garbage-first heap   total reserved 2007040K, committed 129024K, used 56808K [0x0000000085800000, 0x0000000100000000)
  region size 1024K, 56 young (57344K), 4 survivors (4096K)
}
Event: 10.471 {heap After GC invocations=2 (full 0):
 garbage-first heap   total reserved 2007040K, committed 129024K, used 8901K [0x0000000085800000, 0x0000000100000000)
  region size 1024K, 7 young (7168K), 7 survivors (7168K)
}
Event: 15.018 {heap Before GC invocations=2 (full 0):
 garbage-first heap   total reserved 2007040K, committed 129024K, used 63173K [0x0000000085800000, 0x0000000100000000)
  region size 1024K, 59 young (60416K), 7 survivors (7168K)
}
Event: 15.063 {heap After GC invocations=3 (full 0):
 garbage-first heap   total reserved 2007040K, committed 129024K, used 12671K [0x0000000085800000, 0x0000000100000000)
  region size 1024K, 8 young (8192K), 8 survivors (8192K)
}
Event: 19.821 {heap Before GC invocations=4 (full 0):
 garbage-first heap   total reserved 2007040K, committed 48128K, used 35199K [0x0000000085800000, 0x0000000100000000)
  region size 1024K, 28 young (28672K), 8 survivors (8192K)
}
Event: 19.877 {heap After GC invocations=5 (full 0):
 garbage-first heap   total reserved 2007040K, committed 50176K, used 19452K [0x0000000085800000, 0x0000000100000000)
  region size 1024K, 4 young (4096K), 4 survivors (4096K)
}
Event: 21.541 {heap Before GC invocations=5 (full 0):
 garbage-first heap   total reserved 2007040K, committed 50176K, used 38908K [0x0000000085800000, 0x0000000100000000)
  region size 1024K, 21 young (21504K), 4 survivors (4096K)
}
Event: 21.568 {heap After GC invocations=6 (full 0):
 garbage-first heap   total reserved 2007040K, committed 50176K, used 26472K [0x0000000085800000, 0x0000000100000000)
  region size 1024K, 3 young (3072K), 3 survivors (3072K)
}
Event: 22.914 {heap Before GC invocations=6 (full 0):
 garbage-first heap   total reserved 2007040K, committed 50176K, used 38760K [0x0000000085800000, 0x0000000100000000)
  region size 1024K, 15 young (15360K), 3 survivors (3072K)
}
Event: 22.936 {heap After GC invocations=7 (full 0):
 garbage-first heap   total reserved 2007040K, committed 50176K, used 29032K [0x0000000085800000, 0x0000000100000000)
  region size 1024K, 2 young (2048K), 2 survivors (2048K)
}
Event: 24.505 {heap Before GC invocations=8 (full 0):
 garbage-first heap   total reserved 2007040K, committed 50176K, used 41320K [0x0000000085800000, 0x0000000100000000)
  region size 1024K, 14 young (14336K), 2 survivors (2048K)
}
Event: 24.526 {heap After GC invocations=9 (full 0):
 garbage-first heap   total reserved 2007040K, committed 50176K, used 31447K [0x0000000085800000, 0x0000000100000000)
  region size 1024K, 2 young (2048K), 2 survivors (2048K)
}
Event: 25.346 {heap Before GC invocations=9 (full 0):
 garbage-first heap   total reserved 2007040K, committed 50176K, used 41687K [0x0000000085800000, 0x0000000100000000)
  region size 1024K, 12 young (12288K), 2 survivors (2048K)
}
Event: 25.369 {heap After GC invocations=10 (full 0):
 garbage-first heap   total reserved 2007040K, committed 50176K, used 33542K [0x0000000085800000, 0x0000000100000000)
  region size 1024K, 2 young (2048K), 2 survivors (2048K)
}
Event: 30.202 {heap Before GC invocations=10 (full 0):
 garbage-first heap   total reserved 2007040K, committed 50176K, used 43782K [0x0000000085800000, 0x0000000100000000)
  region size 1024K, 12 young (12288K), 2 survivors (2048K)
}
Event: 30.221 {heap After GC invocations=11 (full 0):
 garbage-first heap   total reserved 2007040K, committed 60416K, used 34495K [0x0000000085800000, 0x0000000100000000)
  region size 1024K, 1 young (1024K), 1 survivors (1024K)
}
Event: 36.870 {heap Before GC invocations=12 (full 0):
 garbage-first heap   total reserved 2007040K, committed 60416K, used 50879K [0x0000000085800000, 0x0000000100000000)
  region size 1024K, 17 young (17408K), 1 survivors (1024K)
}
Event: 36.887 {heap After GC invocations=13 (full 0):
 garbage-first heap   total reserved 2007040K, committed 60416K, used 35206K [0x0000000085800000, 0x0000000100000000)
  region size 1024K, 2 young (2048K), 2 survivors (2048K)
}

