# JRE version: OpenJDK Runtime Environment Temurin-21.0.9+10 (21.0.9+10) (build 21.0.9+10-LTS)
# Java VM: OpenJDK 64-Bit Server VM Temurin-21.0.9+10 (21.0.9+10-LTS, mixed mode, sharing, tiered, compressed oops, compressed class ptrs, parallel gc, windows-amd64)
GC Precious Log:
 CardTable entry size: 512
 CPUs: 4 total, 4 available
 Memory: 7833M
 Large Page Support: Disabled
 NUMA Support: Disabled
 Compressed Oops: Enabled (32-bit)
 Alignments: Space 512K, Generation 512K, Heap 2M
 Heap Min Capacity: 100M
 Heap Initial Capacity: 100M
 Heap Max Capacity: 2G
 Pre-touch: Disabled
 Parallel Workers: 4
Heap:
 PSYoungGen      total 5120K, used 2963K [0x00000000d5580000, 0x00000000d5d00000, 0x0000000100000000)
  eden space 4608K, 61% used [0x00000000d5580000,0x00000000d5844e50,0x00000000d5a00000)
  from space 512K, 25% used [0x00000000d5c00000,0x00000000d5c20000,0x00000000d5c80000)
  to   space 512K, 0% used [0x00000000d5c80000,0x00000000d5c80000,0x00000000d5d00000)
 ParOldGen       total 330752K, used 187895K [0x0000000080000000, 0x0000000094300000, 0x00000000d5580000)
  object space 330752K, 56% used [0x0000000080000000,0x000000008b77dca0,0x0000000094300000)
 Metaspace       used 81385K, committed 82944K, reserved 1179648K
  class space    used 8268K, committed 8960K, reserved 1048576K
GC Heap History (20 events):
Event: 4210.154 GC heap before
{Heap before GC invocations=544 (full 4):
 PSYoungGen      total 5120K, used 4704K [0x00000000d5580000, 0x00000000d5c00000, 0x0000000100000000)
  eden space 4608K, 100% used [0x00000000d5580000,0x00000000d5a00000,0x00000000d5a00000)
  from space 512K, 18% used [0x00000000d5a80000,0x00000000d5a98000,0x00000000d5b00000)
  to   space 512K, 0% used [0x00000000d5b80000,0x00000000d5b80000,0x00000000d5c00000)
 ParOldGen       total 330752K, used 183972K [0x0000000080000000, 0x0000000094300000, 0x00000000d5580000)
  object space 330752K, 55% used [0x0000000080000000,0x000000008b3a93a0,0x0000000094300000)
 Metaspace       used 81320K, committed 82880K, reserved 1179648K
  class space    used 8268K, committed 8960K, reserved 1048576K
}
Event: 4210.155 GC heap after
{Heap after GC invocations=544 (full 4):
 PSYoungGen      total 5120K, used 128K [0x00000000d5580000, 0x00000000d5c00000, 0x0000000100000000)
  eden space 4608K, 0% used [0x00000000d5580000,0x00000000d5580000,0x00000000d5a00000)
  from space 512K, 25% used [0x00000000d5b80000,0x00000000d5ba0000,0x00000000d5c00000)
  to   space 512K, 0% used [0x00000000d5a80000,0x00000000d5a80000,0x00000000d5b00000)
 ParOldGen       total 330752K, used 183996K [0x0000000080000000, 0x0000000094300000, 0x00000000d5580000)
  object space 330752K, 55% used [0x0000000080000000,0x000000008b3af3a0,0x0000000094300000)
 Metaspace       used 81320K, committed 82880K, reserved 1179648K
  class space    used 8268K, committed 8960K, reserved 1048576K
}
Event: 4210.237 GC heap before
{Heap before GC invocations=545 (full 4):
 PSYoungGen      total 5120K, used 4736K [0x00000000d5580000, 0x00000000d5c00000, 0x0000000100000000)
  eden space 4608K, 100% used [0x00000000d5580000,0x00000000d5a00000,0x00000000d5a00000)
  from space 512K, 25% used [0x00000000d5b80000,0x00000000d5ba0000,0x00000000d5c00000)
  to   space 512K, 0% used [0x00000000d5a80000,0x00000000d5a80000,0x00000000d5b00000)
 ParOldGen       total 330752K, used 183996K [0x0000000080000000, 0x0000000094300000, 0x00000000d5580000)
  object space 330752K, 55% used [0x0000000080000000,0x000000008b3af3a0,0x0000000094300000)
 Metaspace       used 81320K, committed 82880K, reserved 1179648K
  class space    used 8268K, committed 8960K, reserved 1048576K
}
Event: 4210.239 GC heap after
{Heap after GC invocations=545 (full 4):
 PSYoungGen      total 5120K, used 96K [0x00000000d5580000, 0x00000000d5c00000, 0x0000000100000000)
  eden space 4608K, 0% used [0x00000000d5580000,0x00000000d5580000,0x00000000d5a00000)
  from space 512K, 18% used [0x00000000d5a80000,0x00000000d5a98000,0x00000000d5b00000)
  to   space 512K, 0% used [0x00000000d5b80000,0x00000000d5b80000,0x00000000d5c00000)
 ParOldGen       total 330752K, used 184028K [0x0000000080000000, 0x0000000094300000, 0x00000000d5580000)
  object space 330752K, 55% used [0x0000000080000000,0x000000008b3b73a0,0x0000000094300000)
 Metaspace       used 81320K, committed 82880K, reserved 1179648K
  class space    used 8268K, committed 8960K, reserved 1048576K
}
Event: 4210.915 GC heap before
{Heap before GC invocations=546 (full 4):
 PSYoungGen      total 5120K, used 4703K [0x00000000d5580000, 0x00000000d5c00000, 0x0000000100000000)
  eden space 4608K, 99% used [0x00000000d5580000,0x00000000d59fffc0,0x00000000d5a00000)
  from space 512K, 18% used [0x00000000d5a80000,0x00000000d5a98000,0x00000000d5b00000)
  to   space 512K, 0% used [0x00000000d5b80000,0x00000000d5b80000,0x00000000d5c00000)
 ParOldGen       total 330752K, used 184028K [0x0000000080000000, 0x0000000094300000, 0x00000000d5580000)
  object space 330752K, 55% used [0x0000000080000000,0x000000008b3b73a0,0x0000000094300000)
 Metaspace       used 81322K, committed 82880K, reserved 1179648K
  class space    used 8268K, committed 8960K, reserved 1048576K
}
Event: 4210.922 GC heap after
{Heap after GC invocations=546 (full 4):
 PSYoungGen      total 5120K, used 492K [0x00000000d5580000, 0x00000000d5d00000, 0x0000000100000000)
  eden space 4608K, 0% used [0x00000000d5580000,0x00000000d5580000,0x00000000d5a00000)
  from space 512K, 96% used [0x00000000d5b80000,0x00000000d5bfb180,0x00000000d5c00000)
  to   space 1536K, 0% used [0x00000000d5a00000,0x00000000d5a00000,0x00000000d5b80000)
 ParOldGen       total 330752K, used 184860K [0x0000000080000000, 0x0000000094300000, 0x00000000d5580000)
  object space 330752K, 55% used [0x0000000080000000,0x000000008b4873d0,0x0000000094300000)
 Metaspace       used 81322K, committed 82880K, reserved 1179648K
  class space    used 8268K, committed 8960K, reserved 1048576K
}
Event: 4210.986 GC heap before
{Heap before GC invocations=547 (full 4):
 PSYoungGen      total 5120K, used 5100K [0x00000000d5580000, 0x00000000d5d00000, 0x0000000100000000)
  eden space 4608K, 100% used [0x00000000d5580000,0x00000000d5a00000,0x00000000d5a00000)
  from space 512K, 96% used [0x00000000d5b80000,0x00000000d5bfb180,0x00000000d5c00000)
  to   space 1536K, 0% used [0x00000000d5a00000,0x00000000d5a00000,0x00000000d5b80000)
 ParOldGen       total 330752K, used 184860K [0x0000000080000000, 0x0000000094300000, 0x00000000d5580000)
  object space 330752K, 55% used [0x0000000080000000,0x000000008b4873d0,0x0000000094300000)
 Metaspace       used 81359K, committed 82880K, reserved 1179648K
  class space    used 8268K, committed 8960K, reserved 1048576K
}
Event: 4210.992 GC heap after
{Heap after GC invocations=547 (full 4):
 PSYoungGen      total 6144K, used 1532K [0x00000000d5580000, 0x00000000d5f00000, 0x0000000100000000)
  eden space 4608K, 0% used [0x00000000d5580000,0x00000000d5580000,0x00000000d5a00000)
  from space 1536K, 99% used [0x00000000d5a00000,0x00000000d5b7f190,0x00000000d5b80000)
  to   space 2560K, 0% used [0x00000000d5c80000,0x00000000d5c80000,0x00000000d5f00000)
 ParOldGen       total 330752K, used 185542K [0x0000000080000000, 0x0000000094300000, 0x00000000d5580000)
  object space 330752K, 56% used [0x0000000080000000,0x000000008b531b18,0x0000000094300000)
 Metaspace       used 81359K, committed 82880K, reserved 1179648K
  class space    used 8268K, committed 8960K, reserved 1048576K
}
Event: 4211.322 GC heap before
{Heap before GC invocations=548 (full 4):
 PSYoungGen      total 6144K, used 6140K [0x00000000d5580000, 0x00000000d5f00000, 0x0000000100000000)
  eden space 4608K, 100% used [0x00000000d5580000,0x00000000d5a00000,0x00000000d5a00000)
  from space 1536K, 99% used [0x00000000d5a00000,0x00000000d5b7f190,0x00000000d5b80000)
  to   space 2560K, 0% used [0x00000000d5c80000,0x00000000d5c80000,0x00000000d5f00000)
 ParOldGen       total 330752K, used 185542K [0x0000000080000000, 0x0000000094300000, 0x00000000d5580000)
  object space 330752K, 56% used [0x0000000080000000,0x000000008b531b18,0x0000000094300000)
 Metaspace       used 81362K, committed 82944K, reserved 1179648K
  class space    used 8268K, committed 8960K, reserved 1048576K
}
Event: 4211.337 GC heap after
{Heap after GC invocations=548 (full 4):
 PSYoungGen      total 5632K, used 640K [0x00000000d5580000, 0x00000000d5d80000, 0x0000000100000000)
  eden space 4608K, 0% used [0x00000000d5580000,0x00000000d5580000,0x00000000d5a00000)
  from space 1024K, 62% used [0x00000000d5c80000,0x00000000d5d20000,0x00000000d5d80000)
  to   space 1536K, 0% used [0x00000000d5a80000,0x00000000d5a80000,0x00000000d5c00000)
 ParOldGen       total 330752K, used 187058K [0x0000000080000000, 0x0000000094300000, 0x00000000d5580000)
  object space 330752K, 56% used [0x0000000080000000,0x000000008b6aca90,0x0000000094300000)
 Metaspace       used 81362K, committed 82944K, reserved 1179648K
  class space    used 8268K, committed 8960K, reserved 1048576K
}
Event: 4211.372 GC heap before
{Heap before GC invocations=549 (full 4):
 PSYoungGen      total 5632K, used 5248K [0x00000000d5580000, 0x00000000d5d80000, 0x0000000100000000)
  eden space 4608K, 100% used [0x00000000d5580000,0x00000000d5a00000,0x00000000d5a00000)
  from space 1024K, 62% used [0x00000000d5c80000,0x00000000d5d20000,0x00000000d5d80000)
  to   space 1536K, 0% used [0x00000000d5a80000,0x00000000d5a80000,0x00000000d5c00000)
 ParOldGen       total 330752K, used 187058K [0x0000000080000000, 0x0000000094300000, 0x00000000d5580000)
  object space 330752K, 56% used [0x0000000080000000,0x000000008b6aca90,0x0000000094300000)
 Metaspace       used 81363K, committed 82944K, reserved 1179648K
  class space    used 8268K, committed 8960K, reserved 1048576K
}
Event: 4211.380 GC heap after
{Heap after GC invocations=549 (full 4):
 PSYoungGen      total 6144K, used 204K [0x00000000d5580000, 0x00000000d5d00000, 0x0000000100000000)
  eden space 4608K, 0% used [0x00000000d5580000,0x00000000d5580000,0x00000000d5a00000)
  from space 1536K, 13% used [0x00000000d5a80000,0x00000000d5ab3180,0x00000000d5c00000)
  to   space 512K, 0% used [0x00000000d5c80000,0x00000000d5c80000,0x00000000d5d00000)
 ParOldGen       total 330752K, used 187646K [0x0000000080000000, 0x0000000094300000, 0x00000000d5580000)
  object space 330752K, 56% used [0x0000000080000000,0x000000008b73f890,0x0000000094300000)
 Metaspace       used 81363K, committed 82944K, reserved 1179648K
  class space    used 8268K, committed 8960K, reserved 1048576K
}
Event: 4211.423 GC heap before
{Heap before GC invocations=550 (full 4):
 PSYoungGen      total 6144K, used 4812K [0x00000000d5580000, 0x00000000d5d00000, 0x0000000100000000)
  eden space 4608K, 100% used [0x00000000d5580000,0x00000000d5a00000,0x00000000d5a00000)
  from space 1536K, 13% used [0x00000000d5a80000,0x00000000d5ab3180,0x00000000d5c00000)
  to   space 512K, 0% used [0x00000000d5c80000,0x00000000d5c80000,0x00000000d5d00000)
 ParOldGen       total 330752K, used 187646K [0x0000000080000000, 0x0000000094300000, 0x00000000d5580000)
  object space 330752K, 56% used [0x0000000080000000,0x000000008b73f890,0x0000000094300000)
 Metaspace       used 81363K, committed 82944K, reserved 1179648K
  class space    used 8268K, committed 8960K, reserved 1048576K
}
Event: 4211.425 GC heap after
{Heap after GC invocations=550 (full 4):
 PSYoungGen      total 5120K, used 128K [0x00000000d5580000, 0x00000000d5d00000, 0x0000000100000000)
  eden space 4608K, 0% used [0x00000000d5580000,0x00000000d5580000,0x00000000d5a00000)
  from space 512K, 25% used [0x00000000d5c80000,0x00000000d5ca0000,0x00000000d5d00000)
  to   space 512K, 0% used [0x00000000d5c00000,0x00000000d5c00000,0x00000000d5c80000)
 ParOldGen       total 330752K, used 187823K [0x0000000080000000, 0x0000000094300000, 0x00000000d5580000)
  object space 330752K, 56% used [0x0000000080000000,0x000000008b76bca0,0x0000000094300000)
 Metaspace       used 81363K, committed 82944K, reserved 1179648K
  class space    used 8268K, committed 8960K, reserved 1048576K
}
Event: 4211.466 GC heap before
{Heap before GC invocations=551 (full 4):
 PSYoungGen      total 5120K, used 4736K [0x00000000d5580000, 0x00000000d5d00000, 0x0000000100000000)
  eden space 4608K, 100% used [0x00000000d5580000,0x00000000d5a00000,0x00000000d5a00000)
  from space 512K, 25% used [0x00000000d5c80000,0x00000000d5ca0000,0x00000000d5d00000)
  to   space 512K, 0% used [0x00000000d5c00000,0x00000000d5c00000,0x00000000d5c80000)
 ParOldGen       total 330752K, used 187823K [0x0000000080000000, 0x0000000094300000, 0x00000000d5580000)
  object space 330752K, 56% used [0x0000000080000000,0x000000008b76bca0,0x0000000094300000)
 Metaspace       used 81363K, committed 82944K, reserved 1179648K
  class space    used 8268K, committed 8960K, reserved 1048576K
}
Event: 4211.469 GC heap after
{Heap after GC invocations=551 (full 4):
 PSYoungGen      total 5120K, used 128K [0x00000000d5580000, 0x00000000d5d00000, 0x0000000100000000)
  eden space 4608K, 0% used [0x00000000d5580000,0x00000000d5580000,0x00000000d5a00000)
  from space 512K, 25% used [0x00000000d5c00000,0x00000000d5c20000,0x00000000d5c80000)
  to   space 512K, 0% used [0x00000000d5c80000,0x00000000d5c80000,0x00000000d5d00000)
 ParOldGen       total 330752K, used 187839K [0x0000000080000000, 0x0000000094300000, 0x00000000d5580000)
  object space 330752K, 56% used [0x0000000080000000,0x000000008b76fca0,0x0000000094300000)
 Metaspace       used 81363K, committed 82944K, reserved 1179648K
  class space    used 8268K, committed 8960K, reserved 1048576K
}
Event: 4211.513 GC heap before
{Heap before GC invocations=552 (full 4):
 PSYoungGen      total 5120K, used 4736K [0x00000000d5580000, 0x00000000d5d00000, 0x0000000100000000)
  eden space 4608K, 100% used [0x00000000d5580000,0x00000000d5a00000,0x00000000d5a00000)
  from space 512K, 25% used [0x00000000d5c00000,0x00000000d5c20000,0x00000000d5c80000)
  to   space 512K, 0% used [0x00000000d5c80000,0x00000000d5c80000,0x00000000d5d00000)
 ParOldGen       total 330752K, used 187839K [0x0000000080000000, 0x0000000094300000, 0x00000000d5580000)
  object space 330752K, 56% used [0x0000000080000000,0x000000008b76fca0,0x0000000094300000)
 Metaspace       used 81364K, committed 82944K, reserved 1179648K
  class space    used 8268K, committed 8960K, reserved 1048576K
}
Event: 4211.518 GC heap after
{Heap after GC invocations=552 (full 4):
 PSYoungGen      total 5120K, used 128K [0x00000000d5580000, 0x00000000d5d00000, 0x0000000100000000)
  eden space 4608K, 0% used [0x00000000d5580000,0x00000000d5580000,0x00000000d5a00000)
  from space 512K, 25% used [0x00000000d5c80000,0x00000000d5ca0000,0x00000000d5d00000)
  to   space 512K, 0% used [0x00000000d5c00000,0x00000000d5c00000,0x00000000d5c80000)
 ParOldGen       total 330752K, used 187863K [0x0000000080000000, 0x0000000094300000, 0x00000000d5580000)
  object space 330752K, 56% used [0x0000000080000000,0x000000008b775ca0,0x0000000094300000)
 Metaspace       used 81364K, committed 82944K, reserved 1179648K
  class space    used 8268K, committed 8960K, reserved 1048576K
}
Event: 4211.562 GC heap before
{Heap before GC invocations=553 (full 4):
 PSYoungGen      total 5120K, used 4736K [0x00000000d5580000, 0x00000000d5d00000, 0x0000000100000000)
  eden space 4608K, 100% used [0x00000000d5580000,0x00000000d5a00000,0x00000000d5a00000)
  from space 512K, 25% used [0x00000000d5c80000,0x00000000d5ca0000,0x00000000d5d00000)
  to   space 512K, 0% used [0x00000000d5c00000,0x00000000d5c00000,0x00000000d5c80000)
 ParOldGen       total 330752K, used 187863K [0x0000000080000000, 0x0000000094300000, 0x00000000d5580000)
  object space 330752K, 56% used [0x0000000080000000,0x000000008b775ca0,0x0000000094300000)
 Metaspace       used 81376K, committed 82944K, reserved 1179648K
  class space    used 8268K, committed 8960K, reserved 1048576K
}
Event: 4211.565 GC heap after
{Heap after GC invocations=553 (full 4):
 PSYoungGen      total 5120K, used 128K [0x00000000d5580000, 0x00000000d5d00000, 0x0000000100000000)
  eden space 4608K, 0% used [0x00000000d5580000,0x00000000d5580000,0x00000000d5a00000)
  from space 512K, 25% used [0x00000000d5c00000,0x00000000d5c20000,0x00000000d5c80000)
  to   space 512K, 0% used [0x00000000d5c80000,0x00000000d5c80000,0x00000000d5d00000)
 ParOldGen       total 330752K, used 187895K [0x0000000080000000, 0x0000000094300000, 0x00000000d5580000)
  object space 330752K, 56% used [0x0000000080000000,0x000000008b77dca0,0x0000000094300000)
 Metaspace       used 81376K, committed 82944K, reserved 1179648K
  class space    used 8268K, committed 8960K, reserved 1048576K
}

